# JRE version: Java(TM) SE Runtime Environment (21.0.5+9) (build 21.0.5+9-LTS-239)
# Java VM: Java HotSpot(TM) 64-Bit Server VM (21.0.5+9-LTS-239, mixed mode, sharing, tiered, compressed oops, compressed class ptrs, g1 gc, windows-amd64)
GC Precious Log:
 CardTable entry size: 512
 Card Set container configuration: InlinePtr #cards 4 size 8 Array Of Cards #cards 32 size 80 Howl #buckets 8 coarsen threshold 7372 Howl Bitmap #cards 1024 size 144 coarsen threshold 921 Card regions per heap region 1 cards per card region 8192
 CPUs: 8 total, 8 available
 Memory: 32466M
 Large Page Support: Disabled
 NUMA Support: Disabled
 Compressed Oops: Enabled (Zero based)
 Heap Region Size: 4M
 Heap Min Capacity: 8M
 Heap Initial Capacity: 508M
 Heap Max Capacity: 8120M
 Pre-touch: Disabled
 Parallel Workers: 8
 Concurrent Workers: 2
 Concurrent Refinement Workers: 8
 Periodic GC: Disabled
Heap:
 garbage-first heap   total 122880K, used 47207K [0x0000000604800000, 0x0000000800000000)
  region size 4096K, 3 young (12288K), 1 survivors (4096K)
 Metaspace       used 97768K, committed 98816K, reserved 1179648K
  class space    used 11737K, committed 12224K, reserved 1048576K
GC Heap History (20 events):
Event: 570.693 GC heap before
{Heap before GC invocations=29 (full 5):
 garbage-first heap   total 139264K, used 117429K [0x0000000604800000, 0x0000000800000000)
  region size 4096K, 20 young (81920K), 0 survivors (0K)
 Metaspace       used 95691K, committed 96704K, reserved 1179648K
  class space    used 11634K, committed 12096K, reserved 1048576K
}
Event: 570.696 GC heap after
{Heap after GC invocations=30 (full 5):
 garbage-first heap   total 139264K, used 40239K [0x0000000604800000, 0x0000000800000000)
  region size 4096K, 2 young (8192K), 2 survivors (8192K)
 Metaspace       used 95691K, committed 96704K, reserved 1179648K
  class space    used 11634K, committed 12096K, reserved 1048576K
}
Event: 794.363 GC heap before
{Heap before GC invocations=30 (full 5):
 garbage-first heap   total 139264K, used 109871K [0x0000000604800000, 0x0000000800000000)
  region size 4096K, 19 young (77824K), 2 survivors (8192K)
 Metaspace       used 95837K, committed 96832K, reserved 1179648K
  class space    used 11636K, committed 12096K, reserved 1048576K
}
Event: 794.384 GC heap after
{Heap after GC invocations=31 (full 5):
 garbage-first heap   total 139264K, used 41653K [0x0000000604800000, 0x0000000800000000)
  region size 4096K, 2 young (8192K), 2 survivors (8192K)
 Metaspace       used 95837K, committed 96832K, reserved 1179648K
  class space    used 11636K, committed 12096K, reserved 1048576K
}
Event: 1189.468 GC heap before
{Heap before GC invocations=31 (full 5):
 garbage-first heap   total 139264K, used 62133K [0x0000000604800000, 0x0000000800000000)
  region size 4096K, 8 young (32768K), 2 survivors (8192K)
 Metaspace       used 95863K, committed 96832K, reserved 1179648K
  class space    used 11636K, committed 12096K, reserved 1048576K
}
Event: 1189.530 GC heap after
{Heap after GC invocations=32 (full 6):
 garbage-first heap   total 122880K, used 35758K [0x0000000604800000, 0x0000000800000000)
  region size 4096K, 0 young (0K), 0 survivors (0K)
 Metaspace       used 95834K, committed 96832K, reserved 1179648K
  class space    used 11635K, committed 12096K, reserved 1048576K
}
Event: 1190.050 GC heap before
{Heap before GC invocations=32 (full 6):
 garbage-first heap   total 122880K, used 109486K [0x0000000604800000, 0x0000000800000000)
  region size 4096K, 18 young (73728K), 0 survivors (0K)
 Metaspace       used 96267K, committed 97216K, reserved 1179648K
  class space    used 11661K, committed 12096K, reserved 1048576K
}
Event: 1190.053 GC heap after
{Heap after GC invocations=33 (full 6):
 garbage-first heap   total 122880K, used 41232K [0x0000000604800000, 0x0000000800000000)
  region size 4096K, 2 young (8192K), 2 survivors (8192K)
 Metaspace       used 96267K, committed 97216K, reserved 1179648K
  class space    used 11661K, committed 12096K, reserved 1048576K
}
Event: 1418.371 GC heap before
{Heap before GC invocations=33 (full 6):
 garbage-first heap   total 122880K, used 98576K [0x0000000604800000, 0x0000000800000000)
  region size 4096K, 17 young (69632K), 2 survivors (8192K)
 Metaspace       used 96283K, committed 97216K, reserved 1179648K
  class space    used 11661K, committed 12096K, reserved 1048576K
}
Event: 1418.375 GC heap after
{Heap after GC invocations=34 (full 6):
 garbage-first heap   total 122880K, used 40873K [0x0000000604800000, 0x0000000800000000)
  region size 4096K, 2 young (8192K), 2 survivors (8192K)
 Metaspace       used 96283K, committed 97216K, reserved 1179648K
  class space    used 11661K, committed 12096K, reserved 1048576K
}
Event: 1524.876 GC heap before
{Heap before GC invocations=34 (full 6):
 garbage-first heap   total 122880K, used 65449K [0x0000000604800000, 0x0000000800000000)
  region size 4096K, 9 young (36864K), 2 survivors (8192K)
 Metaspace       used 96306K, committed 97280K, reserved 1179648K
  class space    used 11661K, committed 12096K, reserved 1048576K
}
Event: 1524.936 GC heap after
{Heap after GC invocations=35 (full 7):
 garbage-first heap   total 122880K, used 35352K [0x0000000604800000, 0x0000000800000000)
  region size 4096K, 0 young (0K), 0 survivors (0K)
 Metaspace       used 96303K, committed 97280K, reserved 1179648K
  class space    used 11661K, committed 12096K, reserved 1048576K
}
Event: 1525.389 GC heap before
{Heap before GC invocations=35 (full 7):
 garbage-first heap   total 122880K, used 109080K [0x0000000604800000, 0x0000000800000000)
  region size 4096K, 18 young (73728K), 0 survivors (0K)
 Metaspace       used 96785K, committed 97792K, reserved 1179648K
  class space    used 11687K, committed 12160K, reserved 1048576K
}
Event: 1525.393 GC heap after
{Heap after GC invocations=36 (full 7):
 garbage-first heap   total 122880K, used 40776K [0x0000000604800000, 0x0000000800000000)
  region size 4096K, 2 young (8192K), 2 survivors (8192K)
 Metaspace       used 96785K, committed 97792K, reserved 1179648K
  class space    used 11687K, committed 12160K, reserved 1048576K
}
Event: 1539.835 GC heap before
{Heap before GC invocations=36 (full 7):
 garbage-first heap   total 122880K, used 53064K [0x0000000604800000, 0x0000000800000000)
  region size 4096K, 6 young (24576K), 2 survivors (8192K)
 Metaspace       used 96826K, committed 97856K, reserved 1179648K
  class space    used 11688K, committed 12160K, reserved 1048576K
}
Event: 1539.894 GC heap after
{Heap after GC invocations=37 (full 8):
 garbage-first heap   total 122880K, used 35598K [0x0000000604800000, 0x0000000800000000)
  region size 4096K, 0 young (0K), 0 survivors (0K)
 Metaspace       used 96823K, committed 97856K, reserved 1179648K
  class space    used 11687K, committed 12160K, reserved 1048576K
}
Event: 1540.339 GC heap before
{Heap before GC invocations=37 (full 8):
 garbage-first heap   total 122880K, used 105230K [0x0000000604800000, 0x0000000800000000)
  region size 4096K, 17 young (69632K), 0 survivors (0K)
 Metaspace       used 97293K, committed 98240K, reserved 1179648K
  class space    used 11713K, committed 12160K, reserved 1048576K
}
Event: 1540.343 GC heap after
{Heap after GC invocations=38 (full 8):
 garbage-first heap   total 122880K, used 40551K [0x0000000604800000, 0x0000000800000000)
  region size 4096K, 2 young (8192K), 2 survivors (8192K)
 Metaspace       used 97293K, committed 98240K, reserved 1179648K
  class space    used 11713K, committed 12160K, reserved 1048576K
}
Event: 1590.427 GC heap before
{Heap before GC invocations=38 (full 8):
 garbage-first heap   total 122880K, used 93799K [0x0000000604800000, 0x0000000800000000)
  region size 4096K, 16 young (65536K), 2 survivors (8192K)
 Metaspace       used 97740K, committed 98752K, reserved 1179648K
  class space    used 11736K, committed 12224K, reserved 1048576K
}
Event: 1590.437 GC heap after
{Heap after GC invocations=39 (full 8):
 garbage-first heap   total 122880K, used 43111K [0x0000000604800000, 0x0000000800000000)
  region size 4096K, 1 young (4096K), 1 survivors (4096K)
 Metaspace       used 97740K, committed 98752K, reserved 1179648K
  class space    used 11736K, committed 12224K, reserved 1048576K
}

