# JRE version: Java(TM) SE Runtime Environment (21.0.5+9) (build 21.0.5+9-LTS-239)
# Java VM: Java HotSpot(TM) 64-Bit Server VM (21.0.5+9-LTS-239, mixed mode, sharing, tiered, compressed oops, compressed class ptrs, g1 gc, windows-amd64)
GC Precious Log:
 CardTable entry size: 512
 Card Set container configuration: InlinePtr #cards 4 size 8 Array Of Cards #cards 32 size 80 Howl #buckets 8 coarsen threshold 7372 Howl Bitmap #cards 1024 size 144 coarsen threshold 921 Card regions per heap region 1 cards per card region 8192
 CPUs: 8 total, 8 available
 Memory: 32466M
 Large Page Support: Disabled
 NUMA Support: Disabled
 Compressed Oops: Enabled (Zero based)
 Heap Region Size: 4M
 Heap Min Capacity: 8M
 Heap Initial Capacity: 508M
 Heap Max Capacity: 8120M
 Pre-touch: Disabled
 Parallel Workers: 8
 Concurrent Workers: 2
 Concurrent Refinement Workers: 8
 Periodic GC: Disabled
Heap:
 garbage-first heap   total 303104K, used 87063K [0x0000000604800000, 0x0000000800000000)
  region size 4096K, 16 young (65536K), 2 survivors (8192K)
 Metaspace       used 87474K, committed 88192K, reserved 1179648K
  class space    used 11220K, committed 11520K, reserved 1048576K
GC Heap History (20 events):
Event: 1.588 GC heap before
{Heap before GC invocations=3 (full 0):
 garbage-first heap   total 520192K, used 22036K [0x0000000604800000, 0x0000000800000000)
  region size 4096K, 5 young (20480K), 2 survivors (8192K)
 Metaspace       used 21171K, committed 21504K, reserved 1114112K
  class space    used 2664K, committed 2816K, reserved 1048576K
}
Event: 1.592 GC heap after
{Heap after GC invocations=4 (full 0):
 garbage-first heap   total 520192K, used 15054K [0x0000000604800000, 0x0000000800000000)
  region size 4096K, 2 young (8192K), 2 survivors (8192K)
 Metaspace       used 21171K, committed 21504K, reserved 1114112K
  class space    used 2664K, committed 2816K, reserved 1048576K
}
Event: 2.270 GC heap before
{Heap before GC invocations=5 (full 0):
 garbage-first heap   total 81920K, used 56014K [0x0000000604800000, 0x0000000800000000)
  region size 4096K, 12 young (49152K), 2 survivors (8192K)
 Metaspace       used 25960K, committed 26432K, reserved 1114112K
  class space    used 3297K, committed 3520K, reserved 1048576K
}
Event: 2.277 GC heap after
{Heap after GC invocations=6 (full 0):
 garbage-first heap   total 81920K, used 17507K [0x0000000604800000, 0x0000000800000000)
  region size 4096K, 2 young (8192K), 2 survivors (8192K)
 Metaspace       used 25960K, committed 26432K, reserved 1114112K
  class space    used 3297K, committed 3520K, reserved 1048576K
}
Event: 2.891 GC heap before
{Heap before GC invocations=6 (full 0):
 garbage-first heap   total 81920K, used 50275K [0x0000000604800000, 0x0000000800000000)
  region size 4096K, 11 young (45056K), 2 survivors (8192K)
 Metaspace       used 32593K, committed 33088K, reserved 1114112K
  class space    used 4119K, committed 4352K, reserved 1048576K
}
Event: 2.898 GC heap after
{Heap after GC invocations=7 (full 0):
 garbage-first heap   total 81920K, used 22082K [0x0000000604800000, 0x0000000800000000)
  region size 4096K, 2 young (8192K), 2 survivors (8192K)
 Metaspace       used 32593K, committed 33088K, reserved 1114112K
  class space    used 4119K, committed 4352K, reserved 1048576K
}
Event: 3.226 GC heap before
{Heap before GC invocations=7 (full 0):
 garbage-first heap   total 81920K, used 46658K [0x0000000604800000, 0x0000000800000000)
  region size 4096K, 9 young (36864K), 2 survivors (8192K)
 Metaspace       used 35476K, committed 35968K, reserved 1114112K
  class space    used 4460K, committed 4672K, reserved 1048576K
}
Event: 3.231 GC heap after
{Heap after GC invocations=8 (full 0):
 garbage-first heap   total 81920K, used 23528K [0x0000000604800000, 0x0000000800000000)
  region size 4096K, 2 young (8192K), 2 survivors (8192K)
 Metaspace       used 35476K, committed 35968K, reserved 1114112K
  class space    used 4460K, committed 4672K, reserved 1048576K
}
Event: 3.949 GC heap before
{Heap before GC invocations=9 (full 0):
 garbage-first heap   total 81920K, used 64488K [0x0000000604800000, 0x0000000800000000)
  region size 4096K, 12 young (49152K), 2 survivors (8192K)
 Metaspace       used 44538K, committed 45120K, reserved 1114112K
  class space    used 5746K, committed 6016K, reserved 1048576K
}
Event: 3.954 GC heap after
{Heap after GC invocations=10 (full 0):
 garbage-first heap   total 81920K, used 26490K [0x0000000604800000, 0x0000000800000000)
  region size 4096K, 2 young (8192K), 2 survivors (8192K)
 Metaspace       used 44538K, committed 45120K, reserved 1114112K
  class space    used 5746K, committed 6016K, reserved 1048576K
}
Event: 4.695 GC heap before
{Heap before GC invocations=10 (full 0):
 garbage-first heap   total 81920K, used 63354K [0x0000000604800000, 0x0000000800000000)
  region size 4096K, 11 young (45056K), 2 survivors (8192K)
 Metaspace       used 55186K, committed 55744K, reserved 1114112K
  class space    used 7054K, committed 7296K, reserved 1048576K
}
Event: 4.703 GC heap after
{Heap after GC invocations=11 (full 0):
 garbage-first heap   total 81920K, used 28856K [0x0000000604800000, 0x0000000800000000)
  region size 4096K, 2 young (8192K), 2 survivors (8192K)
 Metaspace       used 55186K, committed 55744K, reserved 1114112K
  class space    used 7054K, committed 7296K, reserved 1048576K
}
Event: 4.903 GC heap before
{Heap before GC invocations=11 (full 0):
 garbage-first heap   total 81920K, used 41144K [0x0000000604800000, 0x0000000800000000)
  region size 4096K, 6 young (24576K), 2 survivors (8192K)
 Metaspace       used 59660K, committed 60160K, reserved 1114112K
  class space    used 7697K, committed 7936K, reserved 1048576K
}
Event: 4.907 GC heap after
{Heap after GC invocations=12 (full 0):
 garbage-first heap   total 81920K, used 30050K [0x0000000604800000, 0x0000000800000000)
  region size 4096K, 1 young (4096K), 1 survivors (4096K)
 Metaspace       used 59660K, committed 60160K, reserved 1114112K
  class space    used 7697K, committed 7936K, reserved 1048576K
}
Event: 5.464 GC heap before
{Heap before GC invocations=13 (full 0):
 garbage-first heap   total 81920K, used 66914K [0x0000000604800000, 0x0000000800000000)
  region size 4096K, 10 young (40960K), 1 survivors (4096K)
 Metaspace       used 67199K, committed 67904K, reserved 1114112K
  class space    used 8829K, committed 9152K, reserved 1048576K
}
Event: 5.467 GC heap after
{Heap after GC invocations=14 (full 0):
 garbage-first heap   total 81920K, used 32135K [0x0000000604800000, 0x0000000800000000)
  region size 4096K, 2 young (8192K), 2 survivors (8192K)
 Metaspace       used 67199K, committed 67904K, reserved 1114112K
  class space    used 8829K, committed 9152K, reserved 1048576K
}
Event: 5.990 GC heap before
{Heap before GC invocations=14 (full 0):
 garbage-first heap   total 81920K, used 64903K [0x0000000604800000, 0x0000000800000000)
  region size 4096K, 10 young (40960K), 2 survivors (8192K)
 Metaspace       used 71987K, committed 72640K, reserved 1114112K
  class space    used 9546K, committed 9856K, reserved 1048576K
}
Event: 5.996 GC heap after
{Heap after GC invocations=15 (full 0):
 garbage-first heap   total 81920K, used 34446K [0x0000000604800000, 0x0000000800000000)
  region size 4096K, 2 young (8192K), 2 survivors (8192K)
 Metaspace       used 71987K, committed 72640K, reserved 1114112K
  class space    used 9546K, committed 9856K, reserved 1048576K
}
Event: 16.395 GC heap before
{Heap before GC invocations=15 (full 0):
 garbage-first heap   total 81920K, used 63118K [0x0000000604800000, 0x0000000800000000)
  region size 4096K, 10 young (40960K), 2 survivors (8192K)
 Metaspace       used 76459K, committed 77248K, reserved 1179648K
  class space    used 10153K, committed 10496K, reserved 1048576K
}
Event: 16.413 GC heap after
{Heap after GC invocations=16 (full 0):
 garbage-first heap   total 303104K, used 37911K [0x0000000604800000, 0x0000000800000000)
  region size 4096K, 2 young (8192K), 2 survivors (8192K)
 Metaspace       used 76459K, committed 77248K, reserved 1179648K
  class space    used 10153K, committed 10496K, reserved 1048576K
}

