# JRE version: Java(TM) SE Runtime Environment (21.0.5+9) (build 21.0.5+9-LTS-239)
# Java VM: Java HotSpot(TM) 64-Bit Server VM (21.0.5+9-LTS-239, mixed mode, sharing, tiered, compressed oops, compressed class ptrs, g1 gc, windows-amd64)
GC Precious Log:
 CardTable entry size: 512
 Card Set container configuration: InlinePtr #cards 4 size 8 Array Of Cards #cards 32 size 80 Howl #buckets 8 coarsen threshold 7372 Howl Bitmap #cards 1024 size 144 coarsen threshold 921 Card regions per heap region 1 cards per card region 8192
 CPUs: 8 total, 8 available
 Memory: 32466M
 Large Page Support: Disabled
 NUMA Support: Disabled
 Compressed Oops: Enabled (Zero based)
 Heap Region Size: 4M
 Heap Min Capacity: 8M
 Heap Initial Capacity: 508M
 Heap Max Capacity: 8120M
 Pre-touch: Disabled
 Parallel Workers: 8
 Concurrent Workers: 2
 Concurrent Refinement Workers: 8
 Periodic GC: Disabled
Heap:
 garbage-first heap   total 139264K, used 69967K [0x0000000604800000, 0x0000000800000000)
  region size 4096K, 10 young (40960K), 2 survivors (8192K)
 Metaspace       used 100541K, committed 101504K, reserved 1179648K
  class space    used 12532K, committed 12928K, reserved 1048576K
GC Heap History (20 events):
Event: 173.733 GC heap before
{Heap before GC invocations=22 (full 3):
 garbage-first heap   total 139264K, used 116022K [0x0000000604800000, 0x0000000800000000)
  region size 4096K, 20 young (81920K), 0 survivors (0K)
 Metaspace       used 98034K, committed 98944K, reserved 1179648K
  class space    used 12439K, committed 12864K, reserved 1048576K
}
Event: 173.737 GC heap after
{Heap after GC invocations=23 (full 3):
 garbage-first heap   total 139264K, used 44192K [0x0000000604800000, 0x0000000800000000)
  region size 4096K, 2 young (8192K), 2 survivors (8192K)
 Metaspace       used 98034K, committed 98944K, reserved 1179648K
  class space    used 12439K, committed 12864K, reserved 1048576K
}
Event: 381.670 GC heap before
{Heap before GC invocations=23 (full 3):
 garbage-first heap   total 139264K, used 109728K [0x0000000604800000, 0x0000000800000000)
  region size 4096K, 19 young (77824K), 2 survivors (8192K)
 Metaspace       used 98419K, committed 99328K, reserved 1179648K
  class space    used 12440K, committed 12864K, reserved 1048576K
}
Event: 381.676 GC heap after
{Heap after GC invocations=24 (full 3):
 garbage-first heap   total 139264K, used 45057K [0x0000000604800000, 0x0000000800000000)
  region size 4096K, 2 young (8192K), 2 survivors (8192K)
 Metaspace       used 98419K, committed 99328K, reserved 1179648K
  class space    used 12440K, committed 12864K, reserved 1048576K
}
Event: 707.559 GC heap before
{Heap before GC invocations=24 (full 3):
 garbage-first heap   total 139264K, used 114689K [0x0000000604800000, 0x0000000800000000)
  region size 4096K, 19 young (77824K), 2 survivors (8192K)
 Metaspace       used 98502K, committed 99392K, reserved 1179648K
  class space    used 12447K, committed 12864K, reserved 1048576K
}
Event: 707.566 GC heap after
{Heap after GC invocations=25 (full 3):
 garbage-first heap   total 139264K, used 44789K [0x0000000604800000, 0x0000000800000000)
  region size 4096K, 2 young (8192K), 2 survivors (8192K)
 Metaspace       used 98502K, committed 99392K, reserved 1179648K
  class space    used 12447K, committed 12864K, reserved 1048576K
}
Event: 1034.205 GC heap before
{Heap before GC invocations=25 (full 3):
 garbage-first heap   total 139264K, used 114421K [0x0000000604800000, 0x0000000800000000)
  region size 4096K, 19 young (77824K), 2 survivors (8192K)
 Metaspace       used 98503K, committed 99392K, reserved 1179648K
  class space    used 12447K, committed 12864K, reserved 1048576K
}
Event: 1034.209 GC heap after
{Heap after GC invocations=26 (full 3):
 garbage-first heap   total 139264K, used 44852K [0x0000000604800000, 0x0000000800000000)
  region size 4096K, 2 young (8192K), 2 survivors (8192K)
 Metaspace       used 98503K, committed 99392K, reserved 1179648K
  class space    used 12447K, committed 12864K, reserved 1048576K
}
Event: 1266.146 GC heap before
{Heap before GC invocations=26 (full 3):
 garbage-first heap   total 139264K, used 94004K [0x0000000604800000, 0x0000000800000000)
  region size 4096K, 15 young (61440K), 2 survivors (8192K)
 Metaspace       used 98519K, committed 99456K, reserved 1179648K
  class space    used 12447K, committed 12864K, reserved 1048576K
}
Event: 1266.212 GC heap after
{Heap after GC invocations=27 (full 4):
 garbage-first heap   total 139264K, used 39222K [0x0000000604800000, 0x0000000800000000)
  region size 4096K, 0 young (0K), 0 survivors (0K)
 Metaspace       used 98481K, committed 99456K, reserved 1179648K
  class space    used 12446K, committed 12864K, reserved 1048576K
}
Event: 1266.721 GC heap before
{Heap before GC invocations=27 (full 4):
 garbage-first heap   total 139264K, used 121142K [0x0000000604800000, 0x0000000800000000)
  region size 4096K, 20 young (81920K), 0 survivors (0K)
 Metaspace       used 99041K, committed 99904K, reserved 1179648K
  class space    used 12472K, committed 12864K, reserved 1048576K
}
Event: 1266.724 GC heap after
{Heap after GC invocations=28 (full 4):
 garbage-first heap   total 139264K, used 45273K [0x0000000604800000, 0x0000000800000000)
  region size 4096K, 2 young (8192K), 2 survivors (8192K)
 Metaspace       used 99041K, committed 99904K, reserved 1179648K
  class space    used 12472K, committed 12864K, reserved 1048576K
}
Event: 1419.158 GC heap before
{Heap before GC invocations=28 (full 4):
 garbage-first heap   total 139264K, used 82137K [0x0000000604800000, 0x0000000800000000)
  region size 4096K, 12 young (49152K), 2 survivors (8192K)
 Metaspace       used 99083K, committed 100032K, reserved 1179648K
  class space    used 12473K, committed 12864K, reserved 1048576K
}
Event: 1419.213 GC heap after
{Heap after GC invocations=29 (full 5):
 garbage-first heap   total 139264K, used 38748K [0x0000000604800000, 0x0000000800000000)
  region size 4096K, 0 young (0K), 0 survivors (0K)
 Metaspace       used 99081K, committed 100032K, reserved 1179648K
  class space    used 12472K, committed 12864K, reserved 1048576K
}
Event: 1419.683 GC heap before
{Heap before GC invocations=29 (full 5):
 garbage-first heap   total 139264K, used 116572K [0x0000000604800000, 0x0000000800000000)
  region size 4096K, 20 young (81920K), 0 survivors (0K)
 Metaspace       used 99589K, committed 100544K, reserved 1179648K
  class space    used 12502K, committed 12928K, reserved 1048576K
}
Event: 1419.686 GC heap after
{Heap after GC invocations=30 (full 5):
 garbage-first heap   total 139264K, used 44684K [0x0000000604800000, 0x0000000800000000)
  region size 4096K, 2 young (8192K), 2 survivors (8192K)
 Metaspace       used 99589K, committed 100544K, reserved 1179648K
  class space    used 12502K, committed 12928K, reserved 1048576K
}
Event: 1555.826 GC heap before
{Heap before GC invocations=30 (full 5):
 garbage-first heap   total 139264K, used 102028K [0x0000000604800000, 0x0000000800000000)
  region size 4096K, 17 young (69632K), 2 survivors (8192K)
 Metaspace       used 99963K, committed 100864K, reserved 1179648K
  class space    used 12504K, committed 12928K, reserved 1048576K
}
Event: 1555.886 GC heap after
{Heap after GC invocations=31 (full 6):
 garbage-first heap   total 139264K, used 39760K [0x0000000604800000, 0x0000000800000000)
  region size 4096K, 0 young (0K), 0 survivors (0K)
 Metaspace       used 99925K, committed 100864K, reserved 1179648K
  class space    used 12503K, committed 12928K, reserved 1048576K
}
Event: 1556.323 GC heap before
{Heap before GC invocations=31 (full 6):
 garbage-first heap   total 139264K, used 113488K [0x0000000604800000, 0x0000000800000000)
  region size 4096K, 19 young (77824K), 0 survivors (0K)
 Metaspace       used 100389K, committed 101312K, reserved 1179648K
  class space    used 12530K, committed 12928K, reserved 1048576K
}
Event: 1556.326 GC heap after
{Heap after GC invocations=32 (full 6):
 garbage-first heap   total 139264K, used 45391K [0x0000000604800000, 0x0000000800000000)
  region size 4096K, 2 young (8192K), 2 survivors (8192K)
 Metaspace       used 100389K, committed 101312K, reserved 1179648K
  class space    used 12530K, committed 12928K, reserved 1048576K
}

