# JRE version: Java(TM) SE Runtime Environment (21.0.5+9) (build 21.0.5+9-LTS-239)
# Java VM: Java HotSpot(TM) 64-Bit Server VM (21.0.5+9-LTS-239, mixed mode, sharing, tiered, compressed oops, compressed class ptrs, g1 gc, windows-amd64)
GC Precious Log:
 CardTable entry size: 512
 Card Set container configuration: InlinePtr #cards 4 size 8 Array Of Cards #cards 32 size 80 Howl #buckets 8 coarsen threshold 7372 Howl Bitmap #cards 1024 size 144 coarsen threshold 921 Card regions per heap region 1 cards per card region 8192
 CPUs: 8 total, 8 available
 Memory: 32466M
 Large Page Support: Disabled
 NUMA Support: Disabled
 Compressed Oops: Enabled (Zero based)
 Heap Region Size: 4M
 Heap Min Capacity: 8M
 Heap Initial Capacity: 508M
 Heap Max Capacity: 8120M
 Pre-touch: Disabled
 Parallel Workers: 8
 Concurrent Workers: 2
 Concurrent Refinement Workers: 8
 Periodic GC: Disabled
Heap:
 garbage-first heap   total 323584K, used 213413K [0x0000000604800000, 0x0000000800000000)
  region size 4096K, 23 young (94208K), 5 survivors (20480K)
 Metaspace       used 93419K, committed 94208K, reserved 1179648K
  class space    used 12114K, committed 12480K, reserved 1048576K
GC Heap History (20 events):
Event: 7.984 GC heap before
{Heap before GC invocations=16 (full 0):
 garbage-first heap   total 122880K, used 98873K [0x0000000604800000, 0x0000000800000000)
  region size 4096K, 16 young (65536K), 1 survivors (4096K)
 Metaspace       used 78077K, committed 78784K, reserved 1179648K
  class space    used 10631K, committed 10944K, reserved 1048576K
}
Event: 7.987 GC heap after
{Heap after GC invocations=17 (full 0):
 garbage-first heap   total 122880K, used 38448K [0x0000000604800000, 0x0000000800000000)
  region size 4096K, 2 young (8192K), 2 survivors (8192K)
 Metaspace       used 78077K, committed 78784K, reserved 1179648K
  class space    used 10631K, committed 10944K, reserved 1048576K
}
Event: 10.463 GC heap before
{Heap before GC invocations=17 (full 0):
 garbage-first heap   total 122880K, used 95792K [0x0000000604800000, 0x0000000800000000)
  region size 4096K, 17 young (69632K), 2 survivors (8192K)
 Metaspace       used 88432K, committed 89216K, reserved 1179648K
  class space    used 11616K, committed 11968K, reserved 1048576K
}
Event: 10.471 GC heap after
{Heap after GC invocations=18 (full 0):
 garbage-first heap   total 122880K, used 42546K [0x0000000604800000, 0x0000000800000000)
  region size 4096K, 3 young (12288K), 3 survivors (12288K)
 Metaspace       used 88432K, committed 89216K, reserved 1179648K
  class space    used 11616K, committed 11968K, reserved 1048576K
}
Event: 15.746 GC heap before
{Heap before GC invocations=18 (full 0):
 garbage-first heap   total 122880K, used 91698K [0x0000000604800000, 0x0000000800000000)
  region size 4096K, 16 young (65536K), 3 survivors (12288K)
 Metaspace       used 93013K, committed 93696K, reserved 1179648K
  class space    used 12103K, committed 12416K, reserved 1048576K
}
Event: 15.759 GC heap after
{Heap after GC invocations=19 (full 0):
 garbage-first heap   total 122880K, used 46982K [0x0000000604800000, 0x0000000800000000)
  region size 4096K, 2 young (8192K), 2 survivors (8192K)
 Metaspace       used 93013K, committed 93696K, reserved 1179648K
  class space    used 12103K, committed 12416K, reserved 1048576K
}
Event: 16.054 GC heap before
{Heap before GC invocations=20 (full 0):
 garbage-first heap   total 122880K, used 96134K [0x0000000604800000, 0x0000000800000000)
  region size 4096K, 15 young (61440K), 2 survivors (8192K)
 Metaspace       used 93091K, committed 93824K, reserved 1179648K
  class space    used 12103K, committed 12416K, reserved 1048576K
}
Event: 16.062 GC heap after
{Heap after GC invocations=21 (full 0):
 garbage-first heap   total 122880K, used 52868K [0x0000000604800000, 0x0000000800000000)
  region size 4096K, 2 young (8192K), 2 survivors (8192K)
 Metaspace       used 93091K, committed 93824K, reserved 1179648K
  class space    used 12103K, committed 12416K, reserved 1048576K
}
Event: 16.262 GC heap before
{Heap before GC invocations=21 (full 0):
 garbage-first heap   total 122880K, used 102020K [0x0000000604800000, 0x0000000800000000)
  region size 4096K, 14 young (57344K), 2 survivors (8192K)
 Metaspace       used 93148K, committed 93888K, reserved 1179648K
  class space    used 12103K, committed 12416K, reserved 1048576K
}
Event: 16.275 GC heap after
{Heap after GC invocations=22 (full 0):
 garbage-first heap   total 122880K, used 58994K [0x0000000604800000, 0x0000000800000000)
  region size 4096K, 2 young (8192K), 2 survivors (8192K)
 Metaspace       used 93148K, committed 93888K, reserved 1179648K
  class space    used 12103K, committed 12416K, reserved 1048576K
}
Event: 16.437 GC heap before
{Heap before GC invocations=22 (full 0):
 garbage-first heap   total 122880K, used 99954K [0x0000000604800000, 0x0000000800000000)
  region size 4096K, 13 young (53248K), 2 survivors (8192K)
 Metaspace       used 93150K, committed 93888K, reserved 1179648K
  class space    used 12103K, committed 12416K, reserved 1048576K
}
Event: 16.444 GC heap after
{Heap after GC invocations=23 (full 0):
 garbage-first heap   total 323584K, used 65173K [0x0000000604800000, 0x0000000800000000)
  region size 4096K, 2 young (8192K), 2 survivors (8192K)
 Metaspace       used 93150K, committed 93888K, reserved 1179648K
  class space    used 12103K, committed 12416K, reserved 1048576K
}
Event: 17.208 GC heap before
{Heap before GC invocations=24 (full 0):
 garbage-first heap   total 323584K, used 249493K [0x0000000604800000, 0x0000000800000000)
  region size 4096K, 47 young (192512K), 2 survivors (8192K)
 Metaspace       used 93153K, committed 93888K, reserved 1179648K
  class space    used 12103K, committed 12416K, reserved 1048576K
}
Event: 17.229 GC heap after
{Heap after GC invocations=25 (full 0):
 garbage-first heap   total 323584K, used 93548K [0x0000000604800000, 0x0000000800000000)
  region size 4096K, 6 young (24576K), 6 survivors (24576K)
 Metaspace       used 93153K, committed 93888K, reserved 1179648K
  class space    used 12103K, committed 12416K, reserved 1048576K
}
Event: 20.205 GC heap before
{Heap before GC invocations=25 (full 0):
 garbage-first heap   total 323584K, used 249196K [0x0000000604800000, 0x0000000800000000)
  region size 4096K, 45 young (184320K), 6 survivors (24576K)
 Metaspace       used 93185K, committed 93952K, reserved 1179648K
  class space    used 12113K, committed 12416K, reserved 1048576K
}
Event: 20.214 GC heap after
{Heap after GC invocations=26 (full 0):
 garbage-first heap   total 323584K, used 104898K [0x0000000604800000, 0x0000000800000000)
  region size 4096K, 5 young (20480K), 5 survivors (20480K)
 Metaspace       used 93185K, committed 93952K, reserved 1179648K
  class space    used 12113K, committed 12416K, reserved 1048576K
}
Event: 20.588 GC heap before
{Heap before GC invocations=26 (full 0):
 garbage-first heap   total 323584K, used 256450K [0x0000000604800000, 0x0000000800000000)
  region size 4096K, 42 young (172032K), 5 survivors (20480K)
 Metaspace       used 93185K, committed 93952K, reserved 1179648K
  class space    used 12113K, committed 12416K, reserved 1048576K
}
Event: 20.596 GC heap after
{Heap after GC invocations=27 (full 0):
 garbage-first heap   total 323584K, used 125266K [0x0000000604800000, 0x0000000800000000)
  region size 4096K, 5 young (20480K), 5 survivors (20480K)
 Metaspace       used 93185K, committed 93952K, reserved 1179648K
  class space    used 12113K, committed 12416K, reserved 1048576K
}
Event: 20.910 GC heap before
{Heap before GC invocations=27 (full 0):
 garbage-first heap   total 323584K, used 268626K [0x0000000604800000, 0x0000000800000000)
  region size 4096K, 40 young (163840K), 5 survivors (20480K)
 Metaspace       used 93185K, committed 93952K, reserved 1179648K
  class space    used 12113K, committed 12416K, reserved 1048576K
}
Event: 20.918 GC heap after
{Heap after GC invocations=28 (full 0):
 garbage-first heap   total 323584K, used 147877K [0x0000000604800000, 0x0000000800000000)
  region size 4096K, 5 young (20480K), 5 survivors (20480K)
 Metaspace       used 93185K, committed 93952K, reserved 1179648K
  class space    used 12113K, committed 12416K, reserved 1048576K
}

