# JRE version: Java(TM) SE Runtime Environment (21.0.5+9) (build 21.0.5+9-LTS-239)
# Java VM: Java HotSpot(TM) 64-Bit Server VM (21.0.5+9-LTS-239, mixed mode, sharing, tiered, compressed oops, compressed class ptrs, g1 gc, windows-amd64)
GC Precious Log:
 CardTable entry size: 512
 Card Set container configuration: InlinePtr #cards 4 size 8 Array Of Cards #cards 32 size 80 Howl #buckets 8 coarsen threshold 7372 Howl Bitmap #cards 1024 size 144 coarsen threshold 921 Card regions per heap region 1 cards per card region 8192
 CPUs: 8 total, 8 available
 Memory: 32466M
 Large Page Support: Disabled
 NUMA Support: Disabled
 Compressed Oops: Enabled (Zero based)
 Heap Region Size: 4M
 Heap Min Capacity: 8M
 Heap Initial Capacity: 508M
 Heap Max Capacity: 8120M
 Pre-touch: Disabled
 Parallel Workers: 8
 Concurrent Workers: 2
 Concurrent Refinement Workers: 8
 Periodic GC: Disabled
Heap:
 garbage-first heap   total 139264K, used 102843K [0x0000000604800000, 0x0000000800000000)
  region size 4096K, 18 young (73728K), 2 survivors (8192K)
 Metaspace       used 92461K, committed 93248K, reserved 1179648K
  class space    used 11907K, committed 12288K, reserved 1048576K
GC Heap History (20 events):
Event: 3.365 GC heap before
{Heap before GC invocations=7 (full 0):
 garbage-first heap   total 81920K, used 46403K [0x0000000604800000, 0x0000000800000000)
  region size 4096K, 9 young (36864K), 2 survivors (8192K)
 Metaspace       used 35464K, committed 35968K, reserved 1114112K
  class space    used 4454K, committed 4672K, reserved 1048576K
}
Event: 3.370 GC heap after
{Heap after GC invocations=8 (full 0):
 garbage-first heap   total 81920K, used 23258K [0x0000000604800000, 0x0000000800000000)
  region size 4096K, 2 young (8192K), 2 survivors (8192K)
 Metaspace       used 35464K, committed 35968K, reserved 1114112K
  class space    used 4454K, committed 4672K, reserved 1048576K
}
Event: 4.364 GC heap before
{Heap before GC invocations=9 (full 0):
 garbage-first heap   total 81920K, used 60122K [0x0000000604800000, 0x0000000800000000)
  region size 4096K, 11 young (45056K), 2 survivors (8192K)
 Metaspace       used 43369K, committed 43968K, reserved 1114112K
  class space    used 5627K, committed 5888K, reserved 1048576K
}
Event: 4.368 GC heap after
{Heap after GC invocations=10 (full 0):
 garbage-first heap   total 81920K, used 25785K [0x0000000604800000, 0x0000000800000000)
  region size 4096K, 1 young (4096K), 1 survivors (4096K)
 Metaspace       used 43369K, committed 43968K, reserved 1114112K
  class space    used 5627K, committed 5888K, reserved 1048576K
}
Event: 5.421 GC heap before
{Heap before GC invocations=10 (full 0):
 garbage-first heap   total 81920K, used 62649K [0x0000000604800000, 0x0000000800000000)
  region size 4096K, 11 young (45056K), 1 survivors (4096K)
 Metaspace       used 55651K, committed 56256K, reserved 1114112K
  class space    used 7097K, committed 7360K, reserved 1048576K
}
Event: 5.425 GC heap after
{Heap after GC invocations=11 (full 0):
 garbage-first heap   total 81920K, used 29127K [0x0000000604800000, 0x0000000800000000)
  region size 4096K, 2 young (8192K), 2 survivors (8192K)
 Metaspace       used 55651K, committed 56256K, reserved 1114112K
  class space    used 7097K, committed 7360K, reserved 1048576K
}
Event: 5.601 GC heap before
{Heap before GC invocations=11 (full 0):
 garbage-first heap   total 81920K, used 37319K [0x0000000604800000, 0x0000000800000000)
  region size 4096K, 5 young (20480K), 2 survivors (8192K)
 Metaspace       used 59642K, committed 60160K, reserved 1114112K
  class space    used 7702K, committed 7936K, reserved 1048576K
}
Event: 5.606 GC heap after
{Heap after GC invocations=12 (full 0):
 garbage-first heap   total 81920K, used 29990K [0x0000000604800000, 0x0000000800000000)
  region size 4096K, 1 young (4096K), 1 survivors (4096K)
 Metaspace       used 59642K, committed 60160K, reserved 1114112K
  class space    used 7702K, committed 7936K, reserved 1048576K
}
Event: 6.210 GC heap before
{Heap before GC invocations=13 (full 0):
 garbage-first heap   total 81920K, used 66854K [0x0000000604800000, 0x0000000800000000)
  region size 4096K, 10 young (40960K), 1 survivors (4096K)
 Metaspace       used 67198K, committed 67904K, reserved 1114112K
  class space    used 8831K, committed 9152K, reserved 1048576K
}
Event: 6.214 GC heap after
{Heap after GC invocations=14 (full 0):
 garbage-first heap   total 81920K, used 31975K [0x0000000604800000, 0x0000000800000000)
  region size 4096K, 2 young (8192K), 2 survivors (8192K)
 Metaspace       used 67198K, committed 67904K, reserved 1114112K
  class space    used 8831K, committed 9152K, reserved 1048576K
}
Event: 6.673 GC heap before
{Heap before GC invocations=14 (full 0):
 garbage-first heap   total 81920K, used 64743K [0x0000000604800000, 0x0000000800000000)
  region size 4096K, 10 young (40960K), 2 survivors (8192K)
 Metaspace       used 70492K, committed 71168K, reserved 1114112K
  class space    used 9458K, committed 9792K, reserved 1048576K
}
Event: 6.679 GC heap after
{Heap after GC invocations=15 (full 0):
 garbage-first heap   total 81920K, used 36001K [0x0000000604800000, 0x0000000800000000)
  region size 4096K, 2 young (8192K), 2 survivors (8192K)
 Metaspace       used 70492K, committed 71168K, reserved 1114112K
  class space    used 9458K, committed 9792K, reserved 1048576K
}
Event: 6.765 GC heap before
{Heap before GC invocations=15 (full 0):
 garbage-first heap   total 81920K, used 64673K [0x0000000604800000, 0x0000000800000000)
  region size 4096K, 9 young (36864K), 2 survivors (8192K)
 Metaspace       used 70515K, committed 71232K, reserved 1114112K
  class space    used 9458K, committed 9792K, reserved 1048576K
}
Event: 6.770 GC heap after
{Heap after GC invocations=16 (full 0):
 garbage-first heap   total 303104K, used 37061K [0x0000000604800000, 0x0000000800000000)
  region size 4096K, 2 young (8192K), 2 survivors (8192K)
 Metaspace       used 70515K, committed 71232K, reserved 1114112K
  class space    used 9458K, committed 9792K, reserved 1048576K
}
Event: 8.172 GC heap before
{Heap before GC invocations=16 (full 0):
 garbage-first heap   total 303104K, used 209093K [0x0000000604800000, 0x0000000800000000)
  region size 4096K, 44 young (180224K), 2 survivors (8192K)
 Metaspace       used 79559K, committed 80256K, reserved 1179648K
  class space    used 10831K, committed 11136K, reserved 1048576K
}
Event: 8.177 GC heap after
{Heap after GC invocations=17 (full 0):
 garbage-first heap   total 303104K, used 40687K [0x0000000604800000, 0x0000000800000000)
  region size 4096K, 3 young (12288K), 3 survivors (12288K)
 Metaspace       used 79559K, committed 80256K, reserved 1179648K
  class space    used 10831K, committed 11136K, reserved 1048576K
}
Event: 35.789 GC heap before
{Heap before GC invocations=17 (full 0):
 garbage-first heap   total 303104K, used 77551K [0x0000000604800000, 0x0000000800000000)
  region size 4096K, 13 young (53248K), 3 survivors (12288K)
 Metaspace       used 82811K, committed 83584K, reserved 1179648K
  class space    used 11192K, committed 11520K, reserved 1048576K
}
Event: 35.830 GC heap after
{Heap after GC invocations=18 (full 1):
 garbage-first heap   total 139264K, used 34954K [0x0000000604800000, 0x0000000800000000)
  region size 4096K, 0 young (0K), 0 survivors (0K)
 Metaspace       used 82811K, committed 83584K, reserved 1179648K
  class space    used 11192K, committed 11520K, reserved 1048576K
}
Event: 36.517 GC heap before
{Heap before GC invocations=18 (full 1):
 garbage-first heap   total 139264K, used 116874K [0x0000000604800000, 0x0000000800000000)
  region size 4096K, 20 young (81920K), 0 survivors (0K)
 Metaspace       used 83638K, committed 84416K, reserved 1179648K
  class space    used 11231K, committed 11584K, reserved 1048576K
}
Event: 36.520 GC heap after
{Heap after GC invocations=19 (full 1):
 garbage-first heap   total 139264K, used 41403K [0x0000000604800000, 0x0000000800000000)
  region size 4096K, 2 young (8192K), 2 survivors (8192K)
 Metaspace       used 83638K, committed 84416K, reserved 1179648K
  class space    used 11231K, committed 11584K, reserved 1048576K
}

